<testsuites id="" name="" tests="425" failures="0" skipped="425" errors="0" time="0.8805329999999999">
<testsuite name="01-core-functionality.spec.ts" timestamp="2025-10-28T19:05:31.494Z" hostname="chromium" tests="6" failures="0" skipped="6" time="0" errors="0">
<testcase name="Core PNR Management Functionality › should load the main dashboard" classname="01-core-functionality.spec.ts" time="0">
<skipped>
</skipped>
</testcase>
<testcase name="Core PNR Management Functionality › should add a new PNR" classname="01-core-functionality.spec.ts" time="0">
<skipped>
</skipped>
</testcase>
<testcase name="Core PNR Management Functionality › should display PNR details" classname="01-core-functionality.spec.ts" time="0">
<skipped>
</skipped>
</testcase>
<testcase name="Core PNR Management Functionality › should filter PNRs" classname="01-core-functionality.spec.ts" time="0">
<skipped>
</skipped>
</testcase>
<testcase name="Core PNR Management Functionality › should sort PNRs" classname="01-core-functionality.spec.ts" time="0">
<skipped>
</skipped>
</testcase>
<testcase name="Core PNR Management Functionality › should delete a PNR" classname="01-core-functionality.spec.ts" time="0">
<skipped>
</skipped>
</testcase>
</testsuite>
<testsuite name="02-realtime-features.spec.ts" timestamp="2025-10-28T19:05:31.494Z" hostname="chromium" tests="7" failures="0" skipped="7" time="0" errors="0">
<testcase name="Real-time Features › should show connection status" classname="02-realtime-features.spec.ts" time="0">
<skipped>
</skipped>
</testcase>
<testcase name="Real-time Features › should handle real-time PNR updates" classname="02-realtime-features.spec.ts" time="0">
<skipped>
</skipped>
</testcase>
<testcase name="Real-time Features › should show real-time notifications" classname="02-realtime-features.spec.ts" time="0">
<skipped>
</skipped>
</testcase>
<testcase name="Real-time Features › should handle connection loss and reconnection" classname="02-realtime-features.spec.ts" time="0">
<skipped>
</skipped>
</testcase>
<testcase name="Real-time Features › should queue actions when offline" classname="02-realtime-features.spec.ts" time="0">
<skipped>
</skipped>
</testcase>
<testcase name="Real-time Features › should show user presence indicators" classname="02-realtime-features.spec.ts" time="0">
<skipped>
</skipped>
</testcase>
<testcase name="Real-time Features › should handle optimistic updates" classname="02-realtime-features.spec.ts" time="0">
<skipped>
</skipped>
</testcase>
</testsuite>
<testsuite name="03-pwa-functionality.spec.ts" timestamp="2025-10-28T19:05:31.494Z" hostname="chromium" tests="11" failures="0" skipped="11" time="0" errors="0">
<testcase name="PWA Functionality › should register service worker" classname="03-pwa-functionality.spec.ts" time="0">
<skipped>
</skipped>
</testcase>
<testcase name="PWA Functionality › should have valid web app manifest" classname="03-pwa-functionality.spec.ts" time="0">
<skipped>
</skipped>
</testcase>
<testcase name="PWA Functionality › should work offline" classname="03-pwa-functionality.spec.ts" time="0">
<skipped>
</skipped>
</testcase>
<testcase name="PWA Functionality › should cache resources properly" classname="03-pwa-functionality.spec.ts" time="0">
<skipped>
</skipped>
</testcase>
<testcase name="PWA Functionality › should support push notifications" classname="03-pwa-functionality.spec.ts" time="0">
<skipped>
</skipped>
</testcase>
<testcase name="PWA Functionality › should show install prompt" classname="03-pwa-functionality.spec.ts" time="0">
<skipped>
</skipped>
</testcase>
<testcase name="PWA Functionality › should handle offline actions and sync" classname="03-pwa-functionality.spec.ts" time="0">
<skipped>
</skipped>
</testcase>
<testcase name="PWA Functionality › should update app when new version available" classname="03-pwa-functionality.spec.ts" time="0">
<skipped>
</skipped>
</testcase>
<testcase name="PWA Functionality › should handle background sync" classname="03-pwa-functionality.spec.ts" time="0">
<skipped>
</skipped>
</testcase>
<testcase name="PWA Functionality › should work in standalone mode" classname="03-pwa-functionality.spec.ts" time="0">
<skipped>
</skipped>
</testcase>
<testcase name="PWA Functionality › should handle app shortcuts" classname="03-pwa-functionality.spec.ts" time="0">
<skipped>
</skipped>
</testcase>
</testsuite>
<testsuite name="04-accessibility-compliance.spec.ts" timestamp="2025-10-28T19:05:31.494Z" hostname="chromium" tests="11" failures="0" skipped="11" time="0" errors="0">
<testcase name="Accessibility Compliance › should pass WCAG 2.1 AA compliance" classname="04-accessibility-compliance.spec.ts" time="0">
<skipped>
</skipped>
</testcase>
<testcase name="Accessibility Compliance › should have proper keyboard navigation" classname="04-accessibility-compliance.spec.ts" time="0">
<skipped>
</skipped>
</testcase>
<testcase name="Accessibility Compliance › should have proper ARIA labels and roles" classname="04-accessibility-compliance.spec.ts" time="0">
<skipped>
</skipped>
</testcase>
<testcase name="Accessibility Compliance › should support screen readers" classname="04-accessibility-compliance.spec.ts" time="0">
<skipped>
</skipped>
</testcase>
<testcase name="Accessibility Compliance › should have sufficient color contrast" classname="04-accessibility-compliance.spec.ts" time="0">
<skipped>
</skipped>
</testcase>
<testcase name="Accessibility Compliance › should support high contrast mode" classname="04-accessibility-compliance.spec.ts" time="0">
<skipped>
</skipped>
</testcase>
<testcase name="Accessibility Compliance › should support reduced motion preferences" classname="04-accessibility-compliance.spec.ts" time="0">
<skipped>
</skipped>
</testcase>
<testcase name="Accessibility Compliance › should have accessible forms" classname="04-accessibility-compliance.spec.ts" time="0">
<skipped>
</skipped>
</testcase>
<testcase name="Accessibility Compliance › should have accessible error messages" classname="04-accessibility-compliance.spec.ts" time="0">
<skipped>
</skipped>
</testcase>
<testcase name="Accessibility Compliance › should support focus management in modals" classname="04-accessibility-compliance.spec.ts" time="0">
<skipped>
</skipped>
</testcase>
<testcase name="Accessibility Compliance › should have accessible skip links" classname="04-accessibility-compliance.spec.ts" time="0">
<skipped>
</skipped>
</testcase>
</testsuite>
<testsuite name="05-performance-benchmarks.spec.ts" timestamp="2025-10-28T19:05:31.494Z" hostname="chromium" tests="10" failures="0" skipped="10" time="0" errors="0">
<testcase name="Performance Benchmarks › should meet Core Web Vitals thresholds" classname="05-performance-benchmarks.spec.ts" time="0">
<skipped>
</skipped>
</testcase>
<testcase name="Performance Benchmarks › should have reasonable bundle sizes" classname="05-performance-benchmarks.spec.ts" time="0">
<skipped>
</skipped>
</testcase>
<testcase name="Performance Benchmarks › should load quickly on slow networks" classname="05-performance-benchmarks.spec.ts" time="0">
<skipped>
</skipped>
</testcase>
<testcase name="Performance Benchmarks › should handle memory efficiently" classname="05-performance-benchmarks.spec.ts" time="0">
<skipped>
</skipped>
</testcase>
<testcase name="Performance Benchmarks › should render large lists efficiently" classname="05-performance-benchmarks.spec.ts" time="0">
<skipped>
</skipped>
</testcase>
<testcase name="Performance Benchmarks › should lazy load images efficiently" classname="05-performance-benchmarks.spec.ts" time="0">
<skipped>
</skipped>
</testcase>
<testcase name="Performance Benchmarks › should use code splitting effectively" classname="05-performance-benchmarks.spec.ts" time="0">
<skipped>
</skipped>
</testcase>
<testcase name="Performance Benchmarks › should preload critical resources" classname="05-performance-benchmarks.spec.ts" time="0">
<skipped>
</skipped>
</testcase>
<testcase name="Performance Benchmarks › should handle concurrent features efficiently" classname="05-performance-benchmarks.spec.ts" time="0">
<skipped>
</skipped>
</testcase>
<testcase name="Performance Benchmarks › should optimize font loading" classname="05-performance-benchmarks.spec.ts" time="0">
<skipped>
</skipped>
</testcase>
</testsuite>
<testsuite name="06-mobile-gestures.spec.ts" timestamp="2025-10-28T19:05:31.494Z" hostname="chromium" tests="11" failures="0" skipped="11" time="0" errors="0">
<testcase name="Mobile Gestures and Touch Interactions › should support swipe gestures on PNR cards" classname="06-mobile-gestures.spec.ts" time="0">
<skipped>
</skipped>
</testcase>
<testcase name="Mobile Gestures and Touch Interactions › should support pull-to-refresh" classname="06-mobile-gestures.spec.ts" time="0">
<skipped>
</skipped>
</testcase>
<testcase name="Mobile Gestures and Touch Interactions › should support pinch-to-zoom on detail views" classname="06-mobile-gestures.spec.ts" time="0">
<skipped>
</skipped>
</testcase>
<testcase name="Mobile Gestures and Touch Interactions › should support long press for context menus" classname="06-mobile-gestures.spec.ts" time="0">
<skipped>
</skipped>
</testcase>
<testcase name="Mobile Gestures and Touch Interactions › should have touch-optimized button sizes" classname="06-mobile-gestures.spec.ts" time="0">
<skipped>
</skipped>
</testcase>
<testcase name="Mobile Gestures and Touch Interactions › should support gesture-based navigation" classname="06-mobile-gestures.spec.ts" time="0">
<skipped>
</skipped>
</testcase>
<testcase name="Mobile Gestures and Touch Interactions › should provide haptic feedback simulation" classname="06-mobile-gestures.spec.ts" time="0">
<skipped>
</skipped>
</testcase>
<testcase name="Mobile Gestures and Touch Interactions › should handle multi-touch gestures" classname="06-mobile-gestures.spec.ts" time="0">
<skipped>
</skipped>
</testcase>
<testcase name="Mobile Gestures and Touch Interactions › should support edge swipe gestures" classname="06-mobile-gestures.spec.ts" time="0">
<skipped>
</skipped>
</testcase>
<testcase name="Mobile Gestures and Touch Interactions › should handle touch scrolling smoothly" classname="06-mobile-gestures.spec.ts" time="0">
<skipped>
</skipped>
</testcase>
<testcase name="Mobile Gestures and Touch Interactions › should support touch-friendly form interactions" classname="06-mobile-gestures.spec.ts" time="0">
<skipped>
</skipped>
</testcase>
</testsuite>
<testsuite name="07-voice-interface.spec.ts" timestamp="2025-10-28T19:05:31.494Z" hostname="chromium" tests="11" failures="0" skipped="11" time="0" errors="0">
<testcase name="Voice Interface and Audio Features › should support voice recognition API" classname="07-voice-interface.spec.ts" time="0">
<skipped>
</skipped>
</testcase>
<testcase name="Voice Interface and Audio Features › should handle voice PNR input" classname="07-voice-interface.spec.ts" time="0">
<skipped>
</skipped>
</testcase>
<testcase name="Voice Interface and Audio Features › should support voice commands for navigation" classname="07-voice-interface.spec.ts" time="0">
<skipped>
</skipped>
</testcase>
<testcase name="Voice Interface and Audio Features › should provide text-to-speech for status updates" classname="07-voice-interface.spec.ts" time="0">
<skipped>
</skipped>
</testcase>
<testcase name="Voice Interface and Audio Features › should support multi-language voice features" classname="07-voice-interface.spec.ts" time="0">
<skipped>
</skipped>
</testcase>
<testcase name="Voice Interface and Audio Features › should handle voice command errors gracefully" classname="07-voice-interface.spec.ts" time="0">
<skipped>
</skipped>
</testcase>
<testcase name="Voice Interface and Audio Features › should provide voice-guided accessibility" classname="07-voice-interface.spec.ts" time="0">
<skipped>
</skipped>
</testcase>
<testcase name="Voice Interface and Audio Features › should support voice shortcuts" classname="07-voice-interface.spec.ts" time="0">
<skipped>
</skipped>
</testcase>
<testcase name="Voice Interface and Audio Features › should handle microphone permissions" classname="07-voice-interface.spec.ts" time="0">
<skipped>
</skipped>
</testcase>
<testcase name="Voice Interface and Audio Features › should provide audio feedback for actions" classname="07-voice-interface.spec.ts" time="0">
<skipped>
</skipped>
</testcase>
<testcase name="Voice Interface and Audio Features › should support voice-controlled form filling" classname="07-voice-interface.spec.ts" time="0">
<skipped>
</skipped>
</testcase>
</testsuite>
<testsuite name="08-intelligent-features.spec.ts" timestamp="2025-10-28T19:05:31.494Z" hostname="chromium" tests="10" failures="0" skipped="10" time="0" errors="0">
<testcase name="Intelligent Features and Smart Suggestions › should provide PNR auto-complete suggestions" classname="08-intelligent-features.spec.ts" time="0">
<skipped>
</skipped>
</testcase>
<testcase name="Intelligent Features and Smart Suggestions › should provide smart date suggestions" classname="08-intelligent-features.spec.ts" time="0">
<skipped>
</skipped>
</testcase>
<testcase name="Intelligent Features and Smart Suggestions › should provide contextual quick actions" classname="08-intelligent-features.spec.ts" time="0">
<skipped>
</skipped>
</testcase>
<testcase name="Intelligent Features and Smart Suggestions › should learn from user behavior patterns" classname="08-intelligent-features.spec.ts" time="0">
<skipped>
</skipped>
</testcase>
<testcase name="Intelligent Features and Smart Suggestions › should provide intelligent error recovery" classname="08-intelligent-features.spec.ts" time="0">
<skipped>
</skipped>
</testcase>
<testcase name="Intelligent Features and Smart Suggestions › should provide predictive text input" classname="08-intelligent-features.spec.ts" time="0">
<skipped>
</skipped>
</testcase>
<testcase name="Intelligent Features and Smart Suggestions › should provide smart form validation" classname="08-intelligent-features.spec.ts" time="0">
<skipped>
</skipped>
</testcase>
<testcase name="Intelligent Features and Smart Suggestions › should provide intelligent search and filtering" classname="08-intelligent-features.spec.ts" time="0">
<skipped>
</skipped>
</testcase>
<testcase name="Intelligent Features and Smart Suggestions › should provide smart notifications and reminders" classname="08-intelligent-features.spec.ts" time="0">
<skipped>
</skipped>
</testcase>
<testcase name="Intelligent Features and Smart Suggestions › should provide contextual help and tips" classname="08-intelligent-features.spec.ts" time="0">
<skipped>
</skipped>
</testcase>
</testsuite>
<testsuite name="09-complete-user-journeys.spec.ts" timestamp="2025-10-28T19:05:31.494Z" hostname="chromium" tests="8" failures="0" skipped="8" time="0" errors="0">
<testcase name="Complete User Journeys › Complete journey: First-time user onboarding and PNR tracking" classname="09-complete-user-journeys.spec.ts" time="0">
<skipped>
</skipped>
</testcase>
<testcase name="Complete User Journeys › Complete journey: Power user managing multiple PNRs" classname="09-complete-user-journeys.spec.ts" time="0">
<skipped>
</skipped>
</testcase>
<testcase name="Complete User Journeys › Complete journey: Mobile user with offline usage" classname="09-complete-user-journeys.spec.ts" time="0">
<skipped>
</skipped>
</testcase>
<testcase name="Complete User Journeys › Complete journey: Accessibility user with screen reader simulation" classname="09-complete-user-journeys.spec.ts" time="0">
<skipped>
</skipped>
</testcase>
<testcase name="Complete User Journeys › Complete journey: Voice-controlled PNR management" classname="09-complete-user-journeys.spec.ts" time="0">
<skipped>
</skipped>
</testcase>
<testcase name="Complete User Journeys › Complete journey: PWA installation and usage" classname="09-complete-user-journeys.spec.ts" time="0">
<skipped>
</skipped>
</testcase>
<testcase name="Complete User Journeys › Complete journey: Real-time collaboration and sharing" classname="09-complete-user-journeys.spec.ts" time="0">
<skipped>
</skipped>
</testcase>
<testcase name="Complete User Journeys › Complete journey: Performance optimization in action" classname="09-complete-user-journeys.spec.ts" time="0">
<skipped>
</skipped>
</testcase>
</testsuite>
<testsuite name="01-core-functionality.spec.ts" timestamp="2025-10-28T19:05:31.494Z" hostname="firefox" tests="6" failures="0" skipped="6" time="0" errors="0">
<testcase name="Core PNR Management Functionality › should load the main dashboard" classname="01-core-functionality.spec.ts" time="0">
<skipped>
</skipped>
</testcase>
<testcase name="Core PNR Management Functionality › should add a new PNR" classname="01-core-functionality.spec.ts" time="0">
<skipped>
</skipped>
</testcase>
<testcase name="Core PNR Management Functionality › should display PNR details" classname="01-core-functionality.spec.ts" time="0">
<skipped>
</skipped>
</testcase>
<testcase name="Core PNR Management Functionality › should filter PNRs" classname="01-core-functionality.spec.ts" time="0">
<skipped>
</skipped>
</testcase>
<testcase name="Core PNR Management Functionality › should sort PNRs" classname="01-core-functionality.spec.ts" time="0">
<skipped>
</skipped>
</testcase>
<testcase name="Core PNR Management Functionality › should delete a PNR" classname="01-core-functionality.spec.ts" time="0">
<skipped>
</skipped>
</testcase>
</testsuite>
<testsuite name="02-realtime-features.spec.ts" timestamp="2025-10-28T19:05:31.494Z" hostname="firefox" tests="7" failures="0" skipped="7" time="0" errors="0">
<testcase name="Real-time Features › should show connection status" classname="02-realtime-features.spec.ts" time="0">
<skipped>
</skipped>
</testcase>
<testcase name="Real-time Features › should handle real-time PNR updates" classname="02-realtime-features.spec.ts" time="0">
<skipped>
</skipped>
</testcase>
<testcase name="Real-time Features › should show real-time notifications" classname="02-realtime-features.spec.ts" time="0">
<skipped>
</skipped>
</testcase>
<testcase name="Real-time Features › should handle connection loss and reconnection" classname="02-realtime-features.spec.ts" time="0">
<skipped>
</skipped>
</testcase>
<testcase name="Real-time Features › should queue actions when offline" classname="02-realtime-features.spec.ts" time="0">
<skipped>
</skipped>
</testcase>
<testcase name="Real-time Features › should show user presence indicators" classname="02-realtime-features.spec.ts" time="0">
<skipped>
</skipped>
</testcase>
<testcase name="Real-time Features › should handle optimistic updates" classname="02-realtime-features.spec.ts" time="0">
<skipped>
</skipped>
</testcase>
</testsuite>
<testsuite name="03-pwa-functionality.spec.ts" timestamp="2025-10-28T19:05:31.494Z" hostname="firefox" tests="11" failures="0" skipped="11" time="0" errors="0">
<testcase name="PWA Functionality › should register service worker" classname="03-pwa-functionality.spec.ts" time="0">
<skipped>
</skipped>
</testcase>
<testcase name="PWA Functionality › should have valid web app manifest" classname="03-pwa-functionality.spec.ts" time="0">
<skipped>
</skipped>
</testcase>
<testcase name="PWA Functionality › should work offline" classname="03-pwa-functionality.spec.ts" time="0">
<skipped>
</skipped>
</testcase>
<testcase name="PWA Functionality › should cache resources properly" classname="03-pwa-functionality.spec.ts" time="0">
<skipped>
</skipped>
</testcase>
<testcase name="PWA Functionality › should support push notifications" classname="03-pwa-functionality.spec.ts" time="0">
<skipped>
</skipped>
</testcase>
<testcase name="PWA Functionality › should show install prompt" classname="03-pwa-functionality.spec.ts" time="0">
<skipped>
</skipped>
</testcase>
<testcase name="PWA Functionality › should handle offline actions and sync" classname="03-pwa-functionality.spec.ts" time="0">
<skipped>
</skipped>
</testcase>
<testcase name="PWA Functionality › should update app when new version available" classname="03-pwa-functionality.spec.ts" time="0">
<skipped>
</skipped>
</testcase>
<testcase name="PWA Functionality › should handle background sync" classname="03-pwa-functionality.spec.ts" time="0">
<skipped>
</skipped>
</testcase>
<testcase name="PWA Functionality › should work in standalone mode" classname="03-pwa-functionality.spec.ts" time="0">
<skipped>
</skipped>
</testcase>
<testcase name="PWA Functionality › should handle app shortcuts" classname="03-pwa-functionality.spec.ts" time="0">
<skipped>
</skipped>
</testcase>
</testsuite>
<testsuite name="04-accessibility-compliance.spec.ts" timestamp="2025-10-28T19:05:31.494Z" hostname="firefox" tests="11" failures="0" skipped="11" time="0" errors="0">
<testcase name="Accessibility Compliance › should pass WCAG 2.1 AA compliance" classname="04-accessibility-compliance.spec.ts" time="0">
<skipped>
</skipped>
</testcase>
<testcase name="Accessibility Compliance › should have proper keyboard navigation" classname="04-accessibility-compliance.spec.ts" time="0">
<skipped>
</skipped>
</testcase>
<testcase name="Accessibility Compliance › should have proper ARIA labels and roles" classname="04-accessibility-compliance.spec.ts" time="0">
<skipped>
</skipped>
</testcase>
<testcase name="Accessibility Compliance › should support screen readers" classname="04-accessibility-compliance.spec.ts" time="0">
<skipped>
</skipped>
</testcase>
<testcase name="Accessibility Compliance › should have sufficient color contrast" classname="04-accessibility-compliance.spec.ts" time="0">
<skipped>
</skipped>
</testcase>
<testcase name="Accessibility Compliance › should support high contrast mode" classname="04-accessibility-compliance.spec.ts" time="0">
<skipped>
</skipped>
</testcase>
<testcase name="Accessibility Compliance › should support reduced motion preferences" classname="04-accessibility-compliance.spec.ts" time="0">
<skipped>
</skipped>
</testcase>
<testcase name="Accessibility Compliance › should have accessible forms" classname="04-accessibility-compliance.spec.ts" time="0">
<skipped>
</skipped>
</testcase>
<testcase name="Accessibility Compliance › should have accessible error messages" classname="04-accessibility-compliance.spec.ts" time="0">
<skipped>
</skipped>
</testcase>
<testcase name="Accessibility Compliance › should support focus management in modals" classname="04-accessibility-compliance.spec.ts" time="0">
<skipped>
</skipped>
</testcase>
<testcase name="Accessibility Compliance › should have accessible skip links" classname="04-accessibility-compliance.spec.ts" time="0">
<skipped>
</skipped>
</testcase>
</testsuite>
<testsuite name="05-performance-benchmarks.spec.ts" timestamp="2025-10-28T19:05:31.494Z" hostname="firefox" tests="10" failures="0" skipped="10" time="0" errors="0">
<testcase name="Performance Benchmarks › should meet Core Web Vitals thresholds" classname="05-performance-benchmarks.spec.ts" time="0">
<skipped>
</skipped>
</testcase>
<testcase name="Performance Benchmarks › should have reasonable bundle sizes" classname="05-performance-benchmarks.spec.ts" time="0">
<skipped>
</skipped>
</testcase>
<testcase name="Performance Benchmarks › should load quickly on slow networks" classname="05-performance-benchmarks.spec.ts" time="0">
<skipped>
</skipped>
</testcase>
<testcase name="Performance Benchmarks › should handle memory efficiently" classname="05-performance-benchmarks.spec.ts" time="0">
<skipped>
</skipped>
</testcase>
<testcase name="Performance Benchmarks › should render large lists efficiently" classname="05-performance-benchmarks.spec.ts" time="0">
<skipped>
</skipped>
</testcase>
<testcase name="Performance Benchmarks › should lazy load images efficiently" classname="05-performance-benchmarks.spec.ts" time="0">
<skipped>
</skipped>
</testcase>
<testcase name="Performance Benchmarks › should use code splitting effectively" classname="05-performance-benchmarks.spec.ts" time="0">
<skipped>
</skipped>
</testcase>
<testcase name="Performance Benchmarks › should preload critical resources" classname="05-performance-benchmarks.spec.ts" time="0">
<skipped>
</skipped>
</testcase>
<testcase name="Performance Benchmarks › should handle concurrent features efficiently" classname="05-performance-benchmarks.spec.ts" time="0">
<skipped>
</skipped>
</testcase>
<testcase name="Performance Benchmarks › should optimize font loading" classname="05-performance-benchmarks.spec.ts" time="0">
<skipped>
</skipped>
</testcase>
</testsuite>
<testsuite name="06-mobile-gestures.spec.ts" timestamp="2025-10-28T19:05:31.494Z" hostname="firefox" tests="11" failures="0" skipped="11" time="0" errors="0">
<testcase name="Mobile Gestures and Touch Interactions › should support swipe gestures on PNR cards" classname="06-mobile-gestures.spec.ts" time="0">
<skipped>
</skipped>
</testcase>
<testcase name="Mobile Gestures and Touch Interactions › should support pull-to-refresh" classname="06-mobile-gestures.spec.ts" time="0">
<skipped>
</skipped>
</testcase>
<testcase name="Mobile Gestures and Touch Interactions › should support pinch-to-zoom on detail views" classname="06-mobile-gestures.spec.ts" time="0">
<skipped>
</skipped>
</testcase>
<testcase name="Mobile Gestures and Touch Interactions › should support long press for context menus" classname="06-mobile-gestures.spec.ts" time="0">
<skipped>
</skipped>
</testcase>
<testcase name="Mobile Gestures and Touch Interactions › should have touch-optimized button sizes" classname="06-mobile-gestures.spec.ts" time="0">
<skipped>
</skipped>
</testcase>
<testcase name="Mobile Gestures and Touch Interactions › should support gesture-based navigation" classname="06-mobile-gestures.spec.ts" time="0">
<skipped>
</skipped>
</testcase>
<testcase name="Mobile Gestures and Touch Interactions › should provide haptic feedback simulation" classname="06-mobile-gestures.spec.ts" time="0">
<skipped>
</skipped>
</testcase>
<testcase name="Mobile Gestures and Touch Interactions › should handle multi-touch gestures" classname="06-mobile-gestures.spec.ts" time="0">
<skipped>
</skipped>
</testcase>
<testcase name="Mobile Gestures and Touch Interactions › should support edge swipe gestures" classname="06-mobile-gestures.spec.ts" time="0">
<skipped>
</skipped>
</testcase>
<testcase name="Mobile Gestures and Touch Interactions › should handle touch scrolling smoothly" classname="06-mobile-gestures.spec.ts" time="0">
<skipped>
</skipped>
</testcase>
<testcase name="Mobile Gestures and Touch Interactions › should support touch-friendly form interactions" classname="06-mobile-gestures.spec.ts" time="0">
<skipped>
</skipped>
</testcase>
</testsuite>
<testsuite name="07-voice-interface.spec.ts" timestamp="2025-10-28T19:05:31.494Z" hostname="firefox" tests="11" failures="0" skipped="11" time="0" errors="0">
<testcase name="Voice Interface and Audio Features › should support voice recognition API" classname="07-voice-interface.spec.ts" time="0">
<skipped>
</skipped>
</testcase>
<testcase name="Voice Interface and Audio Features › should handle voice PNR input" classname="07-voice-interface.spec.ts" time="0">
<skipped>
</skipped>
</testcase>
<testcase name="Voice Interface and Audio Features › should support voice commands for navigation" classname="07-voice-interface.spec.ts" time="0">
<skipped>
</skipped>
</testcase>
<testcase name="Voice Interface and Audio Features › should provide text-to-speech for status updates" classname="07-voice-interface.spec.ts" time="0">
<skipped>
</skipped>
</testcase>
<testcase name="Voice Interface and Audio Features › should support multi-language voice features" classname="07-voice-interface.spec.ts" time="0">
<skipped>
</skipped>
</testcase>
<testcase name="Voice Interface and Audio Features › should handle voice command errors gracefully" classname="07-voice-interface.spec.ts" time="0">
<skipped>
</skipped>
</testcase>
<testcase name="Voice Interface and Audio Features › should provide voice-guided accessibility" classname="07-voice-interface.spec.ts" time="0">
<skipped>
</skipped>
</testcase>
<testcase name="Voice Interface and Audio Features › should support voice shortcuts" classname="07-voice-interface.spec.ts" time="0">
<skipped>
</skipped>
</testcase>
<testcase name="Voice Interface and Audio Features › should handle microphone permissions" classname="07-voice-interface.spec.ts" time="0">
<skipped>
</skipped>
</testcase>
<testcase name="Voice Interface and Audio Features › should provide audio feedback for actions" classname="07-voice-interface.spec.ts" time="0">
<skipped>
</skipped>
</testcase>
<testcase name="Voice Interface and Audio Features › should support voice-controlled form filling" classname="07-voice-interface.spec.ts" time="0">
<skipped>
</skipped>
</testcase>
</testsuite>
<testsuite name="08-intelligent-features.spec.ts" timestamp="2025-10-28T19:05:31.494Z" hostname="firefox" tests="10" failures="0" skipped="10" time="0" errors="0">
<testcase name="Intelligent Features and Smart Suggestions › should provide PNR auto-complete suggestions" classname="08-intelligent-features.spec.ts" time="0">
<skipped>
</skipped>
</testcase>
<testcase name="Intelligent Features and Smart Suggestions › should provide smart date suggestions" classname="08-intelligent-features.spec.ts" time="0">
<skipped>
</skipped>
</testcase>
<testcase name="Intelligent Features and Smart Suggestions › should provide contextual quick actions" classname="08-intelligent-features.spec.ts" time="0">
<skipped>
</skipped>
</testcase>
<testcase name="Intelligent Features and Smart Suggestions › should learn from user behavior patterns" classname="08-intelligent-features.spec.ts" time="0">
<skipped>
</skipped>
</testcase>
<testcase name="Intelligent Features and Smart Suggestions › should provide intelligent error recovery" classname="08-intelligent-features.spec.ts" time="0">
<skipped>
</skipped>
</testcase>
<testcase name="Intelligent Features and Smart Suggestions › should provide predictive text input" classname="08-intelligent-features.spec.ts" time="0">
<skipped>
</skipped>
</testcase>
<testcase name="Intelligent Features and Smart Suggestions › should provide smart form validation" classname="08-intelligent-features.spec.ts" time="0">
<skipped>
</skipped>
</testcase>
<testcase name="Intelligent Features and Smart Suggestions › should provide intelligent search and filtering" classname="08-intelligent-features.spec.ts" time="0">
<skipped>
</skipped>
</testcase>
<testcase name="Intelligent Features and Smart Suggestions › should provide smart notifications and reminders" classname="08-intelligent-features.spec.ts" time="0">
<skipped>
</skipped>
</testcase>
<testcase name="Intelligent Features and Smart Suggestions › should provide contextual help and tips" classname="08-intelligent-features.spec.ts" time="0">
<skipped>
</skipped>
</testcase>
</testsuite>
<testsuite name="09-complete-user-journeys.spec.ts" timestamp="2025-10-28T19:05:31.494Z" hostname="firefox" tests="8" failures="0" skipped="8" time="0" errors="0">
<testcase name="Complete User Journeys › Complete journey: First-time user onboarding and PNR tracking" classname="09-complete-user-journeys.spec.ts" time="0">
<skipped>
</skipped>
</testcase>
<testcase name="Complete User Journeys › Complete journey: Power user managing multiple PNRs" classname="09-complete-user-journeys.spec.ts" time="0">
<skipped>
</skipped>
</testcase>
<testcase name="Complete User Journeys › Complete journey: Mobile user with offline usage" classname="09-complete-user-journeys.spec.ts" time="0">
<skipped>
</skipped>
</testcase>
<testcase name="Complete User Journeys › Complete journey: Accessibility user with screen reader simulation" classname="09-complete-user-journeys.spec.ts" time="0">
<skipped>
</skipped>
</testcase>
<testcase name="Complete User Journeys › Complete journey: Voice-controlled PNR management" classname="09-complete-user-journeys.spec.ts" time="0">
<skipped>
</skipped>
</testcase>
<testcase name="Complete User Journeys › Complete journey: PWA installation and usage" classname="09-complete-user-journeys.spec.ts" time="0">
<skipped>
</skipped>
</testcase>
<testcase name="Complete User Journeys › Complete journey: Real-time collaboration and sharing" classname="09-complete-user-journeys.spec.ts" time="0">
<skipped>
</skipped>
</testcase>
<testcase name="Complete User Journeys › Complete journey: Performance optimization in action" classname="09-complete-user-journeys.spec.ts" time="0">
<skipped>
</skipped>
</testcase>
</testsuite>
<testsuite name="01-core-functionality.spec.ts" timestamp="2025-10-28T19:05:31.494Z" hostname="webkit" tests="6" failures="0" skipped="6" time="0" errors="0">
<testcase name="Core PNR Management Functionality › should load the main dashboard" classname="01-core-functionality.spec.ts" time="0">
<skipped>
</skipped>
</testcase>
<testcase name="Core PNR Management Functionality › should add a new PNR" classname="01-core-functionality.spec.ts" time="0">
<skipped>
</skipped>
</testcase>
<testcase name="Core PNR Management Functionality › should display PNR details" classname="01-core-functionality.spec.ts" time="0">
<skipped>
</skipped>
</testcase>
<testcase name="Core PNR Management Functionality › should filter PNRs" classname="01-core-functionality.spec.ts" time="0">
<skipped>
</skipped>
</testcase>
<testcase name="Core PNR Management Functionality › should sort PNRs" classname="01-core-functionality.spec.ts" time="0">
<skipped>
</skipped>
</testcase>
<testcase name="Core PNR Management Functionality › should delete a PNR" classname="01-core-functionality.spec.ts" time="0">
<skipped>
</skipped>
</testcase>
</testsuite>
<testsuite name="02-realtime-features.spec.ts" timestamp="2025-10-28T19:05:31.494Z" hostname="webkit" tests="7" failures="0" skipped="7" time="0" errors="0">
<testcase name="Real-time Features › should show connection status" classname="02-realtime-features.spec.ts" time="0">
<skipped>
</skipped>
</testcase>
<testcase name="Real-time Features › should handle real-time PNR updates" classname="02-realtime-features.spec.ts" time="0">
<skipped>
</skipped>
</testcase>
<testcase name="Real-time Features › should show real-time notifications" classname="02-realtime-features.spec.ts" time="0">
<skipped>
</skipped>
</testcase>
<testcase name="Real-time Features › should handle connection loss and reconnection" classname="02-realtime-features.spec.ts" time="0">
<skipped>
</skipped>
</testcase>
<testcase name="Real-time Features › should queue actions when offline" classname="02-realtime-features.spec.ts" time="0">
<skipped>
</skipped>
</testcase>
<testcase name="Real-time Features › should show user presence indicators" classname="02-realtime-features.spec.ts" time="0">
<skipped>
</skipped>
</testcase>
<testcase name="Real-time Features › should handle optimistic updates" classname="02-realtime-features.spec.ts" time="0">
<skipped>
</skipped>
</testcase>
</testsuite>
<testsuite name="03-pwa-functionality.spec.ts" timestamp="2025-10-28T19:05:31.494Z" hostname="webkit" tests="11" failures="0" skipped="11" time="0" errors="0">
<testcase name="PWA Functionality › should register service worker" classname="03-pwa-functionality.spec.ts" time="0">
<skipped>
</skipped>
</testcase>
<testcase name="PWA Functionality › should have valid web app manifest" classname="03-pwa-functionality.spec.ts" time="0">
<skipped>
</skipped>
</testcase>
<testcase name="PWA Functionality › should work offline" classname="03-pwa-functionality.spec.ts" time="0">
<skipped>
</skipped>
</testcase>
<testcase name="PWA Functionality › should cache resources properly" classname="03-pwa-functionality.spec.ts" time="0">
<skipped>
</skipped>
</testcase>
<testcase name="PWA Functionality › should support push notifications" classname="03-pwa-functionality.spec.ts" time="0">
<skipped>
</skipped>
</testcase>
<testcase name="PWA Functionality › should show install prompt" classname="03-pwa-functionality.spec.ts" time="0">
<skipped>
</skipped>
</testcase>
<testcase name="PWA Functionality › should handle offline actions and sync" classname="03-pwa-functionality.spec.ts" time="0">
<skipped>
</skipped>
</testcase>
<testcase name="PWA Functionality › should update app when new version available" classname="03-pwa-functionality.spec.ts" time="0">
<skipped>
</skipped>
</testcase>
<testcase name="PWA Functionality › should handle background sync" classname="03-pwa-functionality.spec.ts" time="0">
<skipped>
</skipped>
</testcase>
<testcase name="PWA Functionality › should work in standalone mode" classname="03-pwa-functionality.spec.ts" time="0">
<skipped>
</skipped>
</testcase>
<testcase name="PWA Functionality › should handle app shortcuts" classname="03-pwa-functionality.spec.ts" time="0">
<skipped>
</skipped>
</testcase>
</testsuite>
<testsuite name="04-accessibility-compliance.spec.ts" timestamp="2025-10-28T19:05:31.494Z" hostname="webkit" tests="11" failures="0" skipped="11" time="0" errors="0">
<testcase name="Accessibility Compliance › should pass WCAG 2.1 AA compliance" classname="04-accessibility-compliance.spec.ts" time="0">
<skipped>
</skipped>
</testcase>
<testcase name="Accessibility Compliance › should have proper keyboard navigation" classname="04-accessibility-compliance.spec.ts" time="0">
<skipped>
</skipped>
</testcase>
<testcase name="Accessibility Compliance › should have proper ARIA labels and roles" classname="04-accessibility-compliance.spec.ts" time="0">
<skipped>
</skipped>
</testcase>
<testcase name="Accessibility Compliance › should support screen readers" classname="04-accessibility-compliance.spec.ts" time="0">
<skipped>
</skipped>
</testcase>
<testcase name="Accessibility Compliance › should have sufficient color contrast" classname="04-accessibility-compliance.spec.ts" time="0">
<skipped>
</skipped>
</testcase>
<testcase name="Accessibility Compliance › should support high contrast mode" classname="04-accessibility-compliance.spec.ts" time="0">
<skipped>
</skipped>
</testcase>
<testcase name="Accessibility Compliance › should support reduced motion preferences" classname="04-accessibility-compliance.spec.ts" time="0">
<skipped>
</skipped>
</testcase>
<testcase name="Accessibility Compliance › should have accessible forms" classname="04-accessibility-compliance.spec.ts" time="0">
<skipped>
</skipped>
</testcase>
<testcase name="Accessibility Compliance › should have accessible error messages" classname="04-accessibility-compliance.spec.ts" time="0">
<skipped>
</skipped>
</testcase>
<testcase name="Accessibility Compliance › should support focus management in modals" classname="04-accessibility-compliance.spec.ts" time="0">
<skipped>
</skipped>
</testcase>
<testcase name="Accessibility Compliance › should have accessible skip links" classname="04-accessibility-compliance.spec.ts" time="0">
<skipped>
</skipped>
</testcase>
</testsuite>
<testsuite name="05-performance-benchmarks.spec.ts" timestamp="2025-10-28T19:05:31.494Z" hostname="webkit" tests="10" failures="0" skipped="10" time="0" errors="0">
<testcase name="Performance Benchmarks › should meet Core Web Vitals thresholds" classname="05-performance-benchmarks.spec.ts" time="0">
<skipped>
</skipped>
</testcase>
<testcase name="Performance Benchmarks › should have reasonable bundle sizes" classname="05-performance-benchmarks.spec.ts" time="0">
<skipped>
</skipped>
</testcase>
<testcase name="Performance Benchmarks › should load quickly on slow networks" classname="05-performance-benchmarks.spec.ts" time="0">
<skipped>
</skipped>
</testcase>
<testcase name="Performance Benchmarks › should handle memory efficiently" classname="05-performance-benchmarks.spec.ts" time="0">
<skipped>
</skipped>
</testcase>
<testcase name="Performance Benchmarks › should render large lists efficiently" classname="05-performance-benchmarks.spec.ts" time="0">
<skipped>
</skipped>
</testcase>
<testcase name="Performance Benchmarks › should lazy load images efficiently" classname="05-performance-benchmarks.spec.ts" time="0">
<skipped>
</skipped>
</testcase>
<testcase name="Performance Benchmarks › should use code splitting effectively" classname="05-performance-benchmarks.spec.ts" time="0">
<skipped>
</skipped>
</testcase>
<testcase name="Performance Benchmarks › should preload critical resources" classname="05-performance-benchmarks.spec.ts" time="0">
<skipped>
</skipped>
</testcase>
<testcase name="Performance Benchmarks › should handle concurrent features efficiently" classname="05-performance-benchmarks.spec.ts" time="0">
<skipped>
</skipped>
</testcase>
<testcase name="Performance Benchmarks › should optimize font loading" classname="05-performance-benchmarks.spec.ts" time="0">
<skipped>
</skipped>
</testcase>
</testsuite>
<testsuite name="06-mobile-gestures.spec.ts" timestamp="2025-10-28T19:05:31.494Z" hostname="webkit" tests="11" failures="0" skipped="11" time="0" errors="0">
<testcase name="Mobile Gestures and Touch Interactions › should support swipe gestures on PNR cards" classname="06-mobile-gestures.spec.ts" time="0">
<skipped>
</skipped>
</testcase>
<testcase name="Mobile Gestures and Touch Interactions › should support pull-to-refresh" classname="06-mobile-gestures.spec.ts" time="0">
<skipped>
</skipped>
</testcase>
<testcase name="Mobile Gestures and Touch Interactions › should support pinch-to-zoom on detail views" classname="06-mobile-gestures.spec.ts" time="0">
<skipped>
</skipped>
</testcase>
<testcase name="Mobile Gestures and Touch Interactions › should support long press for context menus" classname="06-mobile-gestures.spec.ts" time="0">
<skipped>
</skipped>
</testcase>
<testcase name="Mobile Gestures and Touch Interactions › should have touch-optimized button sizes" classname="06-mobile-gestures.spec.ts" time="0">
<skipped>
</skipped>
</testcase>
<testcase name="Mobile Gestures and Touch Interactions › should support gesture-based navigation" classname="06-mobile-gestures.spec.ts" time="0">
<skipped>
</skipped>
</testcase>
<testcase name="Mobile Gestures and Touch Interactions › should provide haptic feedback simulation" classname="06-mobile-gestures.spec.ts" time="0">
<skipped>
</skipped>
</testcase>
<testcase name="Mobile Gestures and Touch Interactions › should handle multi-touch gestures" classname="06-mobile-gestures.spec.ts" time="0">
<skipped>
</skipped>
</testcase>
<testcase name="Mobile Gestures and Touch Interactions › should support edge swipe gestures" classname="06-mobile-gestures.spec.ts" time="0">
<skipped>
</skipped>
</testcase>
<testcase name="Mobile Gestures and Touch Interactions › should handle touch scrolling smoothly" classname="06-mobile-gestures.spec.ts" time="0">
<skipped>
</skipped>
</testcase>
<testcase name="Mobile Gestures and Touch Interactions › should support touch-friendly form interactions" classname="06-mobile-gestures.spec.ts" time="0">
<skipped>
</skipped>
</testcase>
</testsuite>
<testsuite name="07-voice-interface.spec.ts" timestamp="2025-10-28T19:05:31.494Z" hostname="webkit" tests="11" failures="0" skipped="11" time="0" errors="0">
<testcase name="Voice Interface and Audio Features › should support voice recognition API" classname="07-voice-interface.spec.ts" time="0">
<skipped>
</skipped>
</testcase>
<testcase name="Voice Interface and Audio Features › should handle voice PNR input" classname="07-voice-interface.spec.ts" time="0">
<skipped>
</skipped>
</testcase>
<testcase name="Voice Interface and Audio Features › should support voice commands for navigation" classname="07-voice-interface.spec.ts" time="0">
<skipped>
</skipped>
</testcase>
<testcase name="Voice Interface and Audio Features › should provide text-to-speech for status updates" classname="07-voice-interface.spec.ts" time="0">
<skipped>
</skipped>
</testcase>
<testcase name="Voice Interface and Audio Features › should support multi-language voice features" classname="07-voice-interface.spec.ts" time="0">
<skipped>
</skipped>
</testcase>
<testcase name="Voice Interface and Audio Features › should handle voice command errors gracefully" classname="07-voice-interface.spec.ts" time="0">
<skipped>
</skipped>
</testcase>
<testcase name="Voice Interface and Audio Features › should provide voice-guided accessibility" classname="07-voice-interface.spec.ts" time="0">
<skipped>
</skipped>
</testcase>
<testcase name="Voice Interface and Audio Features › should support voice shortcuts" classname="07-voice-interface.spec.ts" time="0">
<skipped>
</skipped>
</testcase>
<testcase name="Voice Interface and Audio Features › should handle microphone permissions" classname="07-voice-interface.spec.ts" time="0">
<skipped>
</skipped>
</testcase>
<testcase name="Voice Interface and Audio Features › should provide audio feedback for actions" classname="07-voice-interface.spec.ts" time="0">
<skipped>
</skipped>
</testcase>
<testcase name="Voice Interface and Audio Features › should support voice-controlled form filling" classname="07-voice-interface.spec.ts" time="0">
<skipped>
</skipped>
</testcase>
</testsuite>
<testsuite name="08-intelligent-features.spec.ts" timestamp="2025-10-28T19:05:31.494Z" hostname="webkit" tests="10" failures="0" skipped="10" time="0" errors="0">
<testcase name="Intelligent Features and Smart Suggestions › should provide PNR auto-complete suggestions" classname="08-intelligent-features.spec.ts" time="0">
<skipped>
</skipped>
</testcase>
<testcase name="Intelligent Features and Smart Suggestions › should provide smart date suggestions" classname="08-intelligent-features.spec.ts" time="0">
<skipped>
</skipped>
</testcase>
<testcase name="Intelligent Features and Smart Suggestions › should provide contextual quick actions" classname="08-intelligent-features.spec.ts" time="0">
<skipped>
</skipped>
</testcase>
<testcase name="Intelligent Features and Smart Suggestions › should learn from user behavior patterns" classname="08-intelligent-features.spec.ts" time="0">
<skipped>
</skipped>
</testcase>
<testcase name="Intelligent Features and Smart Suggestions › should provide intelligent error recovery" classname="08-intelligent-features.spec.ts" time="0">
<skipped>
</skipped>
</testcase>
<testcase name="Intelligent Features and Smart Suggestions › should provide predictive text input" classname="08-intelligent-features.spec.ts" time="0">
<skipped>
</skipped>
</testcase>
<testcase name="Intelligent Features and Smart Suggestions › should provide smart form validation" classname="08-intelligent-features.spec.ts" time="0">
<skipped>
</skipped>
</testcase>
<testcase name="Intelligent Features and Smart Suggestions › should provide intelligent search and filtering" classname="08-intelligent-features.spec.ts" time="0">
<skipped>
</skipped>
</testcase>
<testcase name="Intelligent Features and Smart Suggestions › should provide smart notifications and reminders" classname="08-intelligent-features.spec.ts" time="0">
<skipped>
</skipped>
</testcase>
<testcase name="Intelligent Features and Smart Suggestions › should provide contextual help and tips" classname="08-intelligent-features.spec.ts" time="0">
<skipped>
</skipped>
</testcase>
</testsuite>
<testsuite name="09-complete-user-journeys.spec.ts" timestamp="2025-10-28T19:05:31.494Z" hostname="webkit" tests="8" failures="0" skipped="8" time="0" errors="0">
<testcase name="Complete User Journeys › Complete journey: First-time user onboarding and PNR tracking" classname="09-complete-user-journeys.spec.ts" time="0">
<skipped>
</skipped>
</testcase>
<testcase name="Complete User Journeys › Complete journey: Power user managing multiple PNRs" classname="09-complete-user-journeys.spec.ts" time="0">
<skipped>
</skipped>
</testcase>
<testcase name="Complete User Journeys › Complete journey: Mobile user with offline usage" classname="09-complete-user-journeys.spec.ts" time="0">
<skipped>
</skipped>
</testcase>
<testcase name="Complete User Journeys › Complete journey: Accessibility user with screen reader simulation" classname="09-complete-user-journeys.spec.ts" time="0">
<skipped>
</skipped>
</testcase>
<testcase name="Complete User Journeys › Complete journey: Voice-controlled PNR management" classname="09-complete-user-journeys.spec.ts" time="0">
<skipped>
</skipped>
</testcase>
<testcase name="Complete User Journeys › Complete journey: PWA installation and usage" classname="09-complete-user-journeys.spec.ts" time="0">
<skipped>
</skipped>
</testcase>
<testcase name="Complete User Journeys › Complete journey: Real-time collaboration and sharing" classname="09-complete-user-journeys.spec.ts" time="0">
<skipped>
</skipped>
</testcase>
<testcase name="Complete User Journeys › Complete journey: Performance optimization in action" classname="09-complete-user-journeys.spec.ts" time="0">
<skipped>
</skipped>
</testcase>
</testsuite>
<testsuite name="01-core-functionality.spec.ts" timestamp="2025-10-28T19:05:31.494Z" hostname="Mobile Chrome" tests="6" failures="0" skipped="6" time="0" errors="0">
<testcase name="Core PNR Management Functionality › should load the main dashboard" classname="01-core-functionality.spec.ts" time="0">
<skipped>
</skipped>
</testcase>
<testcase name="Core PNR Management Functionality › should add a new PNR" classname="01-core-functionality.spec.ts" time="0">
<skipped>
</skipped>
</testcase>
<testcase name="Core PNR Management Functionality › should display PNR details" classname="01-core-functionality.spec.ts" time="0">
<skipped>
</skipped>
</testcase>
<testcase name="Core PNR Management Functionality › should filter PNRs" classname="01-core-functionality.spec.ts" time="0">
<skipped>
</skipped>
</testcase>
<testcase name="Core PNR Management Functionality › should sort PNRs" classname="01-core-functionality.spec.ts" time="0">
<skipped>
</skipped>
</testcase>
<testcase name="Core PNR Management Functionality › should delete a PNR" classname="01-core-functionality.spec.ts" time="0">
<skipped>
</skipped>
</testcase>
</testsuite>
<testsuite name="02-realtime-features.spec.ts" timestamp="2025-10-28T19:05:31.494Z" hostname="Mobile Chrome" tests="7" failures="0" skipped="7" time="0" errors="0">
<testcase name="Real-time Features › should show connection status" classname="02-realtime-features.spec.ts" time="0">
<skipped>
</skipped>
</testcase>
<testcase name="Real-time Features › should handle real-time PNR updates" classname="02-realtime-features.spec.ts" time="0">
<skipped>
</skipped>
</testcase>
<testcase name="Real-time Features › should show real-time notifications" classname="02-realtime-features.spec.ts" time="0">
<skipped>
</skipped>
</testcase>
<testcase name="Real-time Features › should handle connection loss and reconnection" classname="02-realtime-features.spec.ts" time="0">
<skipped>
</skipped>
</testcase>
<testcase name="Real-time Features › should queue actions when offline" classname="02-realtime-features.spec.ts" time="0">
<skipped>
</skipped>
</testcase>
<testcase name="Real-time Features › should show user presence indicators" classname="02-realtime-features.spec.ts" time="0">
<skipped>
</skipped>
</testcase>
<testcase name="Real-time Features › should handle optimistic updates" classname="02-realtime-features.spec.ts" time="0">
<skipped>
</skipped>
</testcase>
</testsuite>
<testsuite name="03-pwa-functionality.spec.ts" timestamp="2025-10-28T19:05:31.494Z" hostname="Mobile Chrome" tests="11" failures="0" skipped="11" time="0" errors="0">
<testcase name="PWA Functionality › should register service worker" classname="03-pwa-functionality.spec.ts" time="0">
<skipped>
</skipped>
</testcase>
<testcase name="PWA Functionality › should have valid web app manifest" classname="03-pwa-functionality.spec.ts" time="0">
<skipped>
</skipped>
</testcase>
<testcase name="PWA Functionality › should work offline" classname="03-pwa-functionality.spec.ts" time="0">
<skipped>
</skipped>
</testcase>
<testcase name="PWA Functionality › should cache resources properly" classname="03-pwa-functionality.spec.ts" time="0">
<skipped>
</skipped>
</testcase>
<testcase name="PWA Functionality › should support push notifications" classname="03-pwa-functionality.spec.ts" time="0">
<skipped>
</skipped>
</testcase>
<testcase name="PWA Functionality › should show install prompt" classname="03-pwa-functionality.spec.ts" time="0">
<skipped>
</skipped>
</testcase>
<testcase name="PWA Functionality › should handle offline actions and sync" classname="03-pwa-functionality.spec.ts" time="0">
<skipped>
</skipped>
</testcase>
<testcase name="PWA Functionality › should update app when new version available" classname="03-pwa-functionality.spec.ts" time="0">
<skipped>
</skipped>
</testcase>
<testcase name="PWA Functionality › should handle background sync" classname="03-pwa-functionality.spec.ts" time="0">
<skipped>
</skipped>
</testcase>
<testcase name="PWA Functionality › should work in standalone mode" classname="03-pwa-functionality.spec.ts" time="0">
<skipped>
</skipped>
</testcase>
<testcase name="PWA Functionality › should handle app shortcuts" classname="03-pwa-functionality.spec.ts" time="0">
<skipped>
</skipped>
</testcase>
</testsuite>
<testsuite name="04-accessibility-compliance.spec.ts" timestamp="2025-10-28T19:05:31.494Z" hostname="Mobile Chrome" tests="11" failures="0" skipped="11" time="0" errors="0">
<testcase name="Accessibility Compliance › should pass WCAG 2.1 AA compliance" classname="04-accessibility-compliance.spec.ts" time="0">
<skipped>
</skipped>
</testcase>
<testcase name="Accessibility Compliance › should have proper keyboard navigation" classname="04-accessibility-compliance.spec.ts" time="0">
<skipped>
</skipped>
</testcase>
<testcase name="Accessibility Compliance › should have proper ARIA labels and roles" classname="04-accessibility-compliance.spec.ts" time="0">
<skipped>
</skipped>
</testcase>
<testcase name="Accessibility Compliance › should support screen readers" classname="04-accessibility-compliance.spec.ts" time="0">
<skipped>
</skipped>
</testcase>
<testcase name="Accessibility Compliance › should have sufficient color contrast" classname="04-accessibility-compliance.spec.ts" time="0">
<skipped>
</skipped>
</testcase>
<testcase name="Accessibility Compliance › should support high contrast mode" classname="04-accessibility-compliance.spec.ts" time="0">
<skipped>
</skipped>
</testcase>
<testcase name="Accessibility Compliance › should support reduced motion preferences" classname="04-accessibility-compliance.spec.ts" time="0">
<skipped>
</skipped>
</testcase>
<testcase name="Accessibility Compliance › should have accessible forms" classname="04-accessibility-compliance.spec.ts" time="0">
<skipped>
</skipped>
</testcase>
<testcase name="Accessibility Compliance › should have accessible error messages" classname="04-accessibility-compliance.spec.ts" time="0">
<skipped>
</skipped>
</testcase>
<testcase name="Accessibility Compliance › should support focus management in modals" classname="04-accessibility-compliance.spec.ts" time="0">
<skipped>
</skipped>
</testcase>
<testcase name="Accessibility Compliance › should have accessible skip links" classname="04-accessibility-compliance.spec.ts" time="0">
<skipped>
</skipped>
</testcase>
</testsuite>
<testsuite name="05-performance-benchmarks.spec.ts" timestamp="2025-10-28T19:05:31.494Z" hostname="Mobile Chrome" tests="10" failures="0" skipped="10" time="0" errors="0">
<testcase name="Performance Benchmarks › should meet Core Web Vitals thresholds" classname="05-performance-benchmarks.spec.ts" time="0">
<skipped>
</skipped>
</testcase>
<testcase name="Performance Benchmarks › should have reasonable bundle sizes" classname="05-performance-benchmarks.spec.ts" time="0">
<skipped>
</skipped>
</testcase>
<testcase name="Performance Benchmarks › should load quickly on slow networks" classname="05-performance-benchmarks.spec.ts" time="0">
<skipped>
</skipped>
</testcase>
<testcase name="Performance Benchmarks › should handle memory efficiently" classname="05-performance-benchmarks.spec.ts" time="0">
<skipped>
</skipped>
</testcase>
<testcase name="Performance Benchmarks › should render large lists efficiently" classname="05-performance-benchmarks.spec.ts" time="0">
<skipped>
</skipped>
</testcase>
<testcase name="Performance Benchmarks › should lazy load images efficiently" classname="05-performance-benchmarks.spec.ts" time="0">
<skipped>
</skipped>
</testcase>
<testcase name="Performance Benchmarks › should use code splitting effectively" classname="05-performance-benchmarks.spec.ts" time="0">
<skipped>
</skipped>
</testcase>
<testcase name="Performance Benchmarks › should preload critical resources" classname="05-performance-benchmarks.spec.ts" time="0">
<skipped>
</skipped>
</testcase>
<testcase name="Performance Benchmarks › should handle concurrent features efficiently" classname="05-performance-benchmarks.spec.ts" time="0">
<skipped>
</skipped>
</testcase>
<testcase name="Performance Benchmarks › should optimize font loading" classname="05-performance-benchmarks.spec.ts" time="0">
<skipped>
</skipped>
</testcase>
</testsuite>
<testsuite name="06-mobile-gestures.spec.ts" timestamp="2025-10-28T19:05:31.494Z" hostname="Mobile Chrome" tests="11" failures="0" skipped="11" time="0" errors="0">
<testcase name="Mobile Gestures and Touch Interactions › should support swipe gestures on PNR cards" classname="06-mobile-gestures.spec.ts" time="0">
<skipped>
</skipped>
</testcase>
<testcase name="Mobile Gestures and Touch Interactions › should support pull-to-refresh" classname="06-mobile-gestures.spec.ts" time="0">
<skipped>
</skipped>
</testcase>
<testcase name="Mobile Gestures and Touch Interactions › should support pinch-to-zoom on detail views" classname="06-mobile-gestures.spec.ts" time="0">
<skipped>
</skipped>
</testcase>
<testcase name="Mobile Gestures and Touch Interactions › should support long press for context menus" classname="06-mobile-gestures.spec.ts" time="0">
<skipped>
</skipped>
</testcase>
<testcase name="Mobile Gestures and Touch Interactions › should have touch-optimized button sizes" classname="06-mobile-gestures.spec.ts" time="0">
<skipped>
</skipped>
</testcase>
<testcase name="Mobile Gestures and Touch Interactions › should support gesture-based navigation" classname="06-mobile-gestures.spec.ts" time="0">
<skipped>
</skipped>
</testcase>
<testcase name="Mobile Gestures and Touch Interactions › should provide haptic feedback simulation" classname="06-mobile-gestures.spec.ts" time="0">
<skipped>
</skipped>
</testcase>
<testcase name="Mobile Gestures and Touch Interactions › should handle multi-touch gestures" classname="06-mobile-gestures.spec.ts" time="0">
<skipped>
</skipped>
</testcase>
<testcase name="Mobile Gestures and Touch Interactions › should support edge swipe gestures" classname="06-mobile-gestures.spec.ts" time="0">
<skipped>
</skipped>
</testcase>
<testcase name="Mobile Gestures and Touch Interactions › should handle touch scrolling smoothly" classname="06-mobile-gestures.spec.ts" time="0">
<skipped>
</skipped>
</testcase>
<testcase name="Mobile Gestures and Touch Interactions › should support touch-friendly form interactions" classname="06-mobile-gestures.spec.ts" time="0">
<skipped>
</skipped>
</testcase>
</testsuite>
<testsuite name="07-voice-interface.spec.ts" timestamp="2025-10-28T19:05:31.494Z" hostname="Mobile Chrome" tests="11" failures="0" skipped="11" time="0" errors="0">
<testcase name="Voice Interface and Audio Features › should support voice recognition API" classname="07-voice-interface.spec.ts" time="0">
<skipped>
</skipped>
</testcase>
<testcase name="Voice Interface and Audio Features › should handle voice PNR input" classname="07-voice-interface.spec.ts" time="0">
<skipped>
</skipped>
</testcase>
<testcase name="Voice Interface and Audio Features › should support voice commands for navigation" classname="07-voice-interface.spec.ts" time="0">
<skipped>
</skipped>
</testcase>
<testcase name="Voice Interface and Audio Features › should provide text-to-speech for status updates" classname="07-voice-interface.spec.ts" time="0">
<skipped>
</skipped>
</testcase>
<testcase name="Voice Interface and Audio Features › should support multi-language voice features" classname="07-voice-interface.spec.ts" time="0">
<skipped>
</skipped>
</testcase>
<testcase name="Voice Interface and Audio Features › should handle voice command errors gracefully" classname="07-voice-interface.spec.ts" time="0">
<skipped>
</skipped>
</testcase>
<testcase name="Voice Interface and Audio Features › should provide voice-guided accessibility" classname="07-voice-interface.spec.ts" time="0">
<skipped>
</skipped>
</testcase>
<testcase name="Voice Interface and Audio Features › should support voice shortcuts" classname="07-voice-interface.spec.ts" time="0">
<skipped>
</skipped>
</testcase>
<testcase name="Voice Interface and Audio Features › should handle microphone permissions" classname="07-voice-interface.spec.ts" time="0">
<skipped>
</skipped>
</testcase>
<testcase name="Voice Interface and Audio Features › should provide audio feedback for actions" classname="07-voice-interface.spec.ts" time="0">
<skipped>
</skipped>
</testcase>
<testcase name="Voice Interface and Audio Features › should support voice-controlled form filling" classname="07-voice-interface.spec.ts" time="0">
<skipped>
</skipped>
</testcase>
</testsuite>
<testsuite name="08-intelligent-features.spec.ts" timestamp="2025-10-28T19:05:31.494Z" hostname="Mobile Chrome" tests="10" failures="0" skipped="10" time="0" errors="0">
<testcase name="Intelligent Features and Smart Suggestions › should provide PNR auto-complete suggestions" classname="08-intelligent-features.spec.ts" time="0">
<skipped>
</skipped>
</testcase>
<testcase name="Intelligent Features and Smart Suggestions › should provide smart date suggestions" classname="08-intelligent-features.spec.ts" time="0">
<skipped>
</skipped>
</testcase>
<testcase name="Intelligent Features and Smart Suggestions › should provide contextual quick actions" classname="08-intelligent-features.spec.ts" time="0">
<skipped>
</skipped>
</testcase>
<testcase name="Intelligent Features and Smart Suggestions › should learn from user behavior patterns" classname="08-intelligent-features.spec.ts" time="0">
<skipped>
</skipped>
</testcase>
<testcase name="Intelligent Features and Smart Suggestions › should provide intelligent error recovery" classname="08-intelligent-features.spec.ts" time="0">
<skipped>
</skipped>
</testcase>
<testcase name="Intelligent Features and Smart Suggestions › should provide predictive text input" classname="08-intelligent-features.spec.ts" time="0">
<skipped>
</skipped>
</testcase>
<testcase name="Intelligent Features and Smart Suggestions › should provide smart form validation" classname="08-intelligent-features.spec.ts" time="0">
<skipped>
</skipped>
</testcase>
<testcase name="Intelligent Features and Smart Suggestions › should provide intelligent search and filtering" classname="08-intelligent-features.spec.ts" time="0">
<skipped>
</skipped>
</testcase>
<testcase name="Intelligent Features and Smart Suggestions › should provide smart notifications and reminders" classname="08-intelligent-features.spec.ts" time="0">
<skipped>
</skipped>
</testcase>
<testcase name="Intelligent Features and Smart Suggestions › should provide contextual help and tips" classname="08-intelligent-features.spec.ts" time="0">
<skipped>
</skipped>
</testcase>
</testsuite>
<testsuite name="09-complete-user-journeys.spec.ts" timestamp="2025-10-28T19:05:31.494Z" hostname="Mobile Chrome" tests="8" failures="0" skipped="8" time="0" errors="0">
<testcase name="Complete User Journeys › Complete journey: First-time user onboarding and PNR tracking" classname="09-complete-user-journeys.spec.ts" time="0">
<skipped>
</skipped>
</testcase>
<testcase name="Complete User Journeys › Complete journey: Power user managing multiple PNRs" classname="09-complete-user-journeys.spec.ts" time="0">
<skipped>
</skipped>
</testcase>
<testcase name="Complete User Journeys › Complete journey: Mobile user with offline usage" classname="09-complete-user-journeys.spec.ts" time="0">
<skipped>
</skipped>
</testcase>
<testcase name="Complete User Journeys › Complete journey: Accessibility user with screen reader simulation" classname="09-complete-user-journeys.spec.ts" time="0">
<skipped>
</skipped>
</testcase>
<testcase name="Complete User Journeys › Complete journey: Voice-controlled PNR management" classname="09-complete-user-journeys.spec.ts" time="0">
<skipped>
</skipped>
</testcase>
<testcase name="Complete User Journeys › Complete journey: PWA installation and usage" classname="09-complete-user-journeys.spec.ts" time="0">
<skipped>
</skipped>
</testcase>
<testcase name="Complete User Journeys › Complete journey: Real-time collaboration and sharing" classname="09-complete-user-journeys.spec.ts" time="0">
<skipped>
</skipped>
</testcase>
<testcase name="Complete User Journeys › Complete journey: Performance optimization in action" classname="09-complete-user-journeys.spec.ts" time="0">
<skipped>
</skipped>
</testcase>
</testsuite>
<testsuite name="01-core-functionality.spec.ts" timestamp="2025-10-28T19:05:31.494Z" hostname="Mobile Safari" tests="6" failures="0" skipped="6" time="0" errors="0">
<testcase name="Core PNR Management Functionality › should load the main dashboard" classname="01-core-functionality.spec.ts" time="0">
<skipped>
</skipped>
</testcase>
<testcase name="Core PNR Management Functionality › should add a new PNR" classname="01-core-functionality.spec.ts" time="0">
<skipped>
</skipped>
</testcase>
<testcase name="Core PNR Management Functionality › should display PNR details" classname="01-core-functionality.spec.ts" time="0">
<skipped>
</skipped>
</testcase>
<testcase name="Core PNR Management Functionality › should filter PNRs" classname="01-core-functionality.spec.ts" time="0">
<skipped>
</skipped>
</testcase>
<testcase name="Core PNR Management Functionality › should sort PNRs" classname="01-core-functionality.spec.ts" time="0">
<skipped>
</skipped>
</testcase>
<testcase name="Core PNR Management Functionality › should delete a PNR" classname="01-core-functionality.spec.ts" time="0">
<skipped>
</skipped>
</testcase>
</testsuite>
<testsuite name="02-realtime-features.spec.ts" timestamp="2025-10-28T19:05:31.494Z" hostname="Mobile Safari" tests="7" failures="0" skipped="7" time="0" errors="0">
<testcase name="Real-time Features › should show connection status" classname="02-realtime-features.spec.ts" time="0">
<skipped>
</skipped>
</testcase>
<testcase name="Real-time Features › should handle real-time PNR updates" classname="02-realtime-features.spec.ts" time="0">
<skipped>
</skipped>
</testcase>
<testcase name="Real-time Features › should show real-time notifications" classname="02-realtime-features.spec.ts" time="0">
<skipped>
</skipped>
</testcase>
<testcase name="Real-time Features › should handle connection loss and reconnection" classname="02-realtime-features.spec.ts" time="0">
<skipped>
</skipped>
</testcase>
<testcase name="Real-time Features › should queue actions when offline" classname="02-realtime-features.spec.ts" time="0">
<skipped>
</skipped>
</testcase>
<testcase name="Real-time Features › should show user presence indicators" classname="02-realtime-features.spec.ts" time="0">
<skipped>
</skipped>
</testcase>
<testcase name="Real-time Features › should handle optimistic updates" classname="02-realtime-features.spec.ts" time="0">
<skipped>
</skipped>
</testcase>
</testsuite>
<testsuite name="03-pwa-functionality.spec.ts" timestamp="2025-10-28T19:05:31.494Z" hostname="Mobile Safari" tests="11" failures="0" skipped="11" time="0" errors="0">
<testcase name="PWA Functionality › should register service worker" classname="03-pwa-functionality.spec.ts" time="0">
<skipped>
</skipped>
</testcase>
<testcase name="PWA Functionality › should have valid web app manifest" classname="03-pwa-functionality.spec.ts" time="0">
<skipped>
</skipped>
</testcase>
<testcase name="PWA Functionality › should work offline" classname="03-pwa-functionality.spec.ts" time="0">
<skipped>
</skipped>
</testcase>
<testcase name="PWA Functionality › should cache resources properly" classname="03-pwa-functionality.spec.ts" time="0">
<skipped>
</skipped>
</testcase>
<testcase name="PWA Functionality › should support push notifications" classname="03-pwa-functionality.spec.ts" time="0">
<skipped>
</skipped>
</testcase>
<testcase name="PWA Functionality › should show install prompt" classname="03-pwa-functionality.spec.ts" time="0">
<skipped>
</skipped>
</testcase>
<testcase name="PWA Functionality › should handle offline actions and sync" classname="03-pwa-functionality.spec.ts" time="0">
<skipped>
</skipped>
</testcase>
<testcase name="PWA Functionality › should update app when new version available" classname="03-pwa-functionality.spec.ts" time="0">
<skipped>
</skipped>
</testcase>
<testcase name="PWA Functionality › should handle background sync" classname="03-pwa-functionality.spec.ts" time="0">
<skipped>
</skipped>
</testcase>
<testcase name="PWA Functionality › should work in standalone mode" classname="03-pwa-functionality.spec.ts" time="0">
<skipped>
</skipped>
</testcase>
<testcase name="PWA Functionality › should handle app shortcuts" classname="03-pwa-functionality.spec.ts" time="0">
<skipped>
</skipped>
</testcase>
</testsuite>
<testsuite name="04-accessibility-compliance.spec.ts" timestamp="2025-10-28T19:05:31.494Z" hostname="Mobile Safari" tests="11" failures="0" skipped="11" time="0" errors="0">
<testcase name="Accessibility Compliance › should pass WCAG 2.1 AA compliance" classname="04-accessibility-compliance.spec.ts" time="0">
<skipped>
</skipped>
</testcase>
<testcase name="Accessibility Compliance › should have proper keyboard navigation" classname="04-accessibility-compliance.spec.ts" time="0">
<skipped>
</skipped>
</testcase>
<testcase name="Accessibility Compliance › should have proper ARIA labels and roles" classname="04-accessibility-compliance.spec.ts" time="0">
<skipped>
</skipped>
</testcase>
<testcase name="Accessibility Compliance › should support screen readers" classname="04-accessibility-compliance.spec.ts" time="0">
<skipped>
</skipped>
</testcase>
<testcase name="Accessibility Compliance › should have sufficient color contrast" classname="04-accessibility-compliance.spec.ts" time="0">
<skipped>
</skipped>
</testcase>
<testcase name="Accessibility Compliance › should support high contrast mode" classname="04-accessibility-compliance.spec.ts" time="0">
<skipped>
</skipped>
</testcase>
<testcase name="Accessibility Compliance › should support reduced motion preferences" classname="04-accessibility-compliance.spec.ts" time="0">
<skipped>
</skipped>
</testcase>
<testcase name="Accessibility Compliance › should have accessible forms" classname="04-accessibility-compliance.spec.ts" time="0">
<skipped>
</skipped>
</testcase>
<testcase name="Accessibility Compliance › should have accessible error messages" classname="04-accessibility-compliance.spec.ts" time="0">
<skipped>
</skipped>
</testcase>
<testcase name="Accessibility Compliance › should support focus management in modals" classname="04-accessibility-compliance.spec.ts" time="0">
<skipped>
</skipped>
</testcase>
<testcase name="Accessibility Compliance › should have accessible skip links" classname="04-accessibility-compliance.spec.ts" time="0">
<skipped>
</skipped>
</testcase>
</testsuite>
<testsuite name="05-performance-benchmarks.spec.ts" timestamp="2025-10-28T19:05:31.494Z" hostname="Mobile Safari" tests="10" failures="0" skipped="10" time="0" errors="0">
<testcase name="Performance Benchmarks › should meet Core Web Vitals thresholds" classname="05-performance-benchmarks.spec.ts" time="0">
<skipped>
</skipped>
</testcase>
<testcase name="Performance Benchmarks › should have reasonable bundle sizes" classname="05-performance-benchmarks.spec.ts" time="0">
<skipped>
</skipped>
</testcase>
<testcase name="Performance Benchmarks › should load quickly on slow networks" classname="05-performance-benchmarks.spec.ts" time="0">
<skipped>
</skipped>
</testcase>
<testcase name="Performance Benchmarks › should handle memory efficiently" classname="05-performance-benchmarks.spec.ts" time="0">
<skipped>
</skipped>
</testcase>
<testcase name="Performance Benchmarks › should render large lists efficiently" classname="05-performance-benchmarks.spec.ts" time="0">
<skipped>
</skipped>
</testcase>
<testcase name="Performance Benchmarks › should lazy load images efficiently" classname="05-performance-benchmarks.spec.ts" time="0">
<skipped>
</skipped>
</testcase>
<testcase name="Performance Benchmarks › should use code splitting effectively" classname="05-performance-benchmarks.spec.ts" time="0">
<skipped>
</skipped>
</testcase>
<testcase name="Performance Benchmarks › should preload critical resources" classname="05-performance-benchmarks.spec.ts" time="0">
<skipped>
</skipped>
</testcase>
<testcase name="Performance Benchmarks › should handle concurrent features efficiently" classname="05-performance-benchmarks.spec.ts" time="0">
<skipped>
</skipped>
</testcase>
<testcase name="Performance Benchmarks › should optimize font loading" classname="05-performance-benchmarks.spec.ts" time="0">
<skipped>
</skipped>
</testcase>
</testsuite>
<testsuite name="06-mobile-gestures.spec.ts" timestamp="2025-10-28T19:05:31.494Z" hostname="Mobile Safari" tests="11" failures="0" skipped="11" time="0" errors="0">
<testcase name="Mobile Gestures and Touch Interactions › should support swipe gestures on PNR cards" classname="06-mobile-gestures.spec.ts" time="0">
<skipped>
</skipped>
</testcase>
<testcase name="Mobile Gestures and Touch Interactions › should support pull-to-refresh" classname="06-mobile-gestures.spec.ts" time="0">
<skipped>
</skipped>
</testcase>
<testcase name="Mobile Gestures and Touch Interactions › should support pinch-to-zoom on detail views" classname="06-mobile-gestures.spec.ts" time="0">
<skipped>
</skipped>
</testcase>
<testcase name="Mobile Gestures and Touch Interactions › should support long press for context menus" classname="06-mobile-gestures.spec.ts" time="0">
<skipped>
</skipped>
</testcase>
<testcase name="Mobile Gestures and Touch Interactions › should have touch-optimized button sizes" classname="06-mobile-gestures.spec.ts" time="0">
<skipped>
</skipped>
</testcase>
<testcase name="Mobile Gestures and Touch Interactions › should support gesture-based navigation" classname="06-mobile-gestures.spec.ts" time="0">
<skipped>
</skipped>
</testcase>
<testcase name="Mobile Gestures and Touch Interactions › should provide haptic feedback simulation" classname="06-mobile-gestures.spec.ts" time="0">
<skipped>
</skipped>
</testcase>
<testcase name="Mobile Gestures and Touch Interactions › should handle multi-touch gestures" classname="06-mobile-gestures.spec.ts" time="0">
<skipped>
</skipped>
</testcase>
<testcase name="Mobile Gestures and Touch Interactions › should support edge swipe gestures" classname="06-mobile-gestures.spec.ts" time="0">
<skipped>
</skipped>
</testcase>
<testcase name="Mobile Gestures and Touch Interactions › should handle touch scrolling smoothly" classname="06-mobile-gestures.spec.ts" time="0">
<skipped>
</skipped>
</testcase>
<testcase name="Mobile Gestures and Touch Interactions › should support touch-friendly form interactions" classname="06-mobile-gestures.spec.ts" time="0">
<skipped>
</skipped>
</testcase>
</testsuite>
<testsuite name="07-voice-interface.spec.ts" timestamp="2025-10-28T19:05:31.494Z" hostname="Mobile Safari" tests="11" failures="0" skipped="11" time="0" errors="0">
<testcase name="Voice Interface and Audio Features › should support voice recognition API" classname="07-voice-interface.spec.ts" time="0">
<skipped>
</skipped>
</testcase>
<testcase name="Voice Interface and Audio Features › should handle voice PNR input" classname="07-voice-interface.spec.ts" time="0">
<skipped>
</skipped>
</testcase>
<testcase name="Voice Interface and Audio Features › should support voice commands for navigation" classname="07-voice-interface.spec.ts" time="0">
<skipped>
</skipped>
</testcase>
<testcase name="Voice Interface and Audio Features › should provide text-to-speech for status updates" classname="07-voice-interface.spec.ts" time="0">
<skipped>
</skipped>
</testcase>
<testcase name="Voice Interface and Audio Features › should support multi-language voice features" classname="07-voice-interface.spec.ts" time="0">
<skipped>
</skipped>
</testcase>
<testcase name="Voice Interface and Audio Features › should handle voice command errors gracefully" classname="07-voice-interface.spec.ts" time="0">
<skipped>
</skipped>
</testcase>
<testcase name="Voice Interface and Audio Features › should provide voice-guided accessibility" classname="07-voice-interface.spec.ts" time="0">
<skipped>
</skipped>
</testcase>
<testcase name="Voice Interface and Audio Features › should support voice shortcuts" classname="07-voice-interface.spec.ts" time="0">
<skipped>
</skipped>
</testcase>
<testcase name="Voice Interface and Audio Features › should handle microphone permissions" classname="07-voice-interface.spec.ts" time="0">
<skipped>
</skipped>
</testcase>
<testcase name="Voice Interface and Audio Features › should provide audio feedback for actions" classname="07-voice-interface.spec.ts" time="0">
<skipped>
</skipped>
</testcase>
<testcase name="Voice Interface and Audio Features › should support voice-controlled form filling" classname="07-voice-interface.spec.ts" time="0">
<skipped>
</skipped>
</testcase>
</testsuite>
<testsuite name="08-intelligent-features.spec.ts" timestamp="2025-10-28T19:05:31.494Z" hostname="Mobile Safari" tests="10" failures="0" skipped="10" time="0" errors="0">
<testcase name="Intelligent Features and Smart Suggestions › should provide PNR auto-complete suggestions" classname="08-intelligent-features.spec.ts" time="0">
<skipped>
</skipped>
</testcase>
<testcase name="Intelligent Features and Smart Suggestions › should provide smart date suggestions" classname="08-intelligent-features.spec.ts" time="0">
<skipped>
</skipped>
</testcase>
<testcase name="Intelligent Features and Smart Suggestions › should provide contextual quick actions" classname="08-intelligent-features.spec.ts" time="0">
<skipped>
</skipped>
</testcase>
<testcase name="Intelligent Features and Smart Suggestions › should learn from user behavior patterns" classname="08-intelligent-features.spec.ts" time="0">
<skipped>
</skipped>
</testcase>
<testcase name="Intelligent Features and Smart Suggestions › should provide intelligent error recovery" classname="08-intelligent-features.spec.ts" time="0">
<skipped>
</skipped>
</testcase>
<testcase name="Intelligent Features and Smart Suggestions › should provide predictive text input" classname="08-intelligent-features.spec.ts" time="0">
<skipped>
</skipped>
</testcase>
<testcase name="Intelligent Features and Smart Suggestions › should provide smart form validation" classname="08-intelligent-features.spec.ts" time="0">
<skipped>
</skipped>
</testcase>
<testcase name="Intelligent Features and Smart Suggestions › should provide intelligent search and filtering" classname="08-intelligent-features.spec.ts" time="0">
<skipped>
</skipped>
</testcase>
<testcase name="Intelligent Features and Smart Suggestions › should provide smart notifications and reminders" classname="08-intelligent-features.spec.ts" time="0">
<skipped>
</skipped>
</testcase>
<testcase name="Intelligent Features and Smart Suggestions › should provide contextual help and tips" classname="08-intelligent-features.spec.ts" time="0">
<skipped>
</skipped>
</testcase>
</testsuite>
<testsuite name="09-complete-user-journeys.spec.ts" timestamp="2025-10-28T19:05:31.494Z" hostname="Mobile Safari" tests="8" failures="0" skipped="8" time="0" errors="0">
<testcase name="Complete User Journeys › Complete journey: First-time user onboarding and PNR tracking" classname="09-complete-user-journeys.spec.ts" time="0">
<skipped>
</skipped>
</testcase>
<testcase name="Complete User Journeys › Complete journey: Power user managing multiple PNRs" classname="09-complete-user-journeys.spec.ts" time="0">
<skipped>
</skipped>
</testcase>
<testcase name="Complete User Journeys › Complete journey: Mobile user with offline usage" classname="09-complete-user-journeys.spec.ts" time="0">
<skipped>
</skipped>
</testcase>
<testcase name="Complete User Journeys › Complete journey: Accessibility user with screen reader simulation" classname="09-complete-user-journeys.spec.ts" time="0">
<skipped>
</skipped>
</testcase>
<testcase name="Complete User Journeys › Complete journey: Voice-controlled PNR management" classname="09-complete-user-journeys.spec.ts" time="0">
<skipped>
</skipped>
</testcase>
<testcase name="Complete User Journeys › Complete journey: PWA installation and usage" classname="09-complete-user-journeys.spec.ts" time="0">
<skipped>
</skipped>
</testcase>
<testcase name="Complete User Journeys › Complete journey: Real-time collaboration and sharing" classname="09-complete-user-journeys.spec.ts" time="0">
<skipped>
</skipped>
</testcase>
<testcase name="Complete User Journeys › Complete journey: Performance optimization in action" classname="09-complete-user-journeys.spec.ts" time="0">
<skipped>
</skipped>
</testcase>
</testsuite>
</testsuites>